Sandbox logs:

Activities log:
day;timestamp;product;bid_price_1;bid_volume_1;bid_price_2;bid_volume_2;bid_price_3;bid_volume_3;ask_price_1;ask_volume_1;ask_price_2;ask_volume_2;ask_price_3;ask_volume_3;mid_price;profit_and_loss
-1;0;EMERALDS;10002;1;9996;2;9995;29;10004;2;10005;29;;;10003.0;0.0
-1;0;TOMATOES;2028;1;2026;2;2025;29;2029;31;;;;;2028.5;0.0
-1;100;EMERALDS;9996;2;9995;22;;;10004;2;10005;22;;;10000.0;0.0
-1;100;TOMATOES;2025;24;;;;;2028;2;2029;22;;;2026.5;0.0
-1;200;EMERALDS;9995;20;;;;;10005;20;;;;;10000.0;0.0
-1;200;TOMATOES;2025;22;;;;;2028;20;;;;;2026.5;0.0
-1;300;EMERALDS;9996;2;9995;29;;;10004;2;10005;29;;;10000.0;0.0
-1;300;TOMATOES;2025;31;;;;;2028;2;2029;29;;;2026.5;0.0
-1;400;EMERALDS;9996;2;9995;25;;;10004;2;10005;25;;;10000.0;0.0
-1;400;TOMATOES;2025;27;;;;;2028;27;;;;;2026.5;0.0
-1;500;EMERALDS;9995;30;;;;;10002;4;10005;30;;;9998.5;0.0
-1;500;TOMATOES;2025;30;;;;;2028;30;;;;;2026.5;0.0
-1;600;EMERALDS;10000;5;9995;25;;;10005;25;;;;;10002.5;0.0
-1;600;TOMATOES;2026;5;2025;31;;;2028;25;;;;;2027.0;0.0
-1;700;EMERALDS;9995;23;;;;;10005;23;;;;;10000.0;0.0
-1;700;TOMATOES;2025;2;2024;23;;;2028;23;;;;;2026.5;0.0
-1;800;EMERALDS;9996;1;9995;29;;;10004;1;10005;29;;;10000.0;0.0
-1;800;TOMATOES;2024;1;2023;29;;;2027;30;;;;;2025.5;0.0
-1;900;EMERALDS;9996;1;9995;22;;;10004;1;10005;22;;;10000.0;0.0
-1;900;TOMATOES;2024;23;;;;;2027;23;;;;;2025.5;0.0
-1;1000;EMERALDS;9995;26;;;;;10005;26;;;;;10000.0;0.0
-1;1000;TOMATOES;2024;26;;;;;2026;6;2027;26;;;2025.0;0.0
-1;1100;EMERALDS;9996;2;9995;24;;;10004;2;10005;24;;;10000.0;0.0
-1;1100;TOMATOES;2025;6;2024;26;;;2027;2;2028;24;;;2026.0;0.0
-1;1200;EMERALDS;9995;21;;;;;9998;1;10005;21;;;9996.5;0.0
-1;1200;TOMATOES;2024;21;;;;;2026;8;2028;21;;;2025.0;0.0
-1;1300;EMERALDS;10002;1;9996;1;9995;30;10004;1;10005;30;;;10003.0;0.0
-1;1300;TOMATOES;2024;31;;;;;2028;31;;;;;2026.0;0.0
-1;1400;EMERALDS;9996;1;9995;25;;;10004;1;10005;25;;;10000.0;0.0
-1;1400;TOMATOES;2025;3;2024;25;;;2028;26;;;;;2026.5;0.0
-1;1500;EMERALDS;9995;27;;;;;10005;27;;;;;10000.0;0.0
-1;1500;TOMATOES;2024;27;;;;;2028;27;;;;;2026.0;0.0
-1;1600;EMERALDS;9995;29;;;;;10005;29;;;;;10000.0;0.0
-1;1600;TOMATOES;2024;29;;;;;2026;4;2028;29;;;2025.0;0.0
-1;1700;EMERALDS;9996;2;9995;20;;;10002;1;10004;2;10005;20;9999.0;0.0
-1;1700;TOMATOES;2024;22;;;;;2026;8;2028;22;;;2025.0;0.0
-1;1800;EMERALDS;10002;1;9996;1;9995;22;10004;1;10005;22;;;10003.0;0.0
-1;1800;TOMATOES;2024;23;;;;;2028;23;;;;;2026.0;0.0
-1;1900;EMERALDS;9996;1;9995;28;;;10004;1;10005;28;;;10000.0;0.0
-1;1900;TOMATOES;2024;29;;;;;2026;5;2027;29;;;2025.0;0.0
-1;2000;EMERALDS;9996;2;9995;24;;;9998;1;10004;2;10005;24;9997.0;0.0
-1;2000;TOMATOES;2024;26;;;;;2027;26;;;;;2025.5;0.0
-1;2100;EMERALDS;9996;2;9995;25;;;10002;3;10004;2;10005;25;9999.0;0.0
-1;2100;TOMATOES;2024;27;;;;;2027;2;2028;25;;;2025.5;0.0
-1;2200;EMERALDS;9998;8;9996;1;9995;24;10004;1;10005;24;;;10001.0;0.0
-1;2200;TOMATOES;2024;25;;;;;2026;7;2027;1;2028;24;2025.0;0.0
-1;2300;EMERALDS;9998;7;9996;2;9995;30;10004;2;10005;30;;;10001.0;0.0
-1;2300;TOMATOES;2024;32;;;;;2028;32;;;;;2026.0;0.0
-1;2400;EMERALDS;9995;29;;;;;10005;29;;;;;10000.0;0.0
-1;2400;TOMATOES;2024;29;;;;;2025;1;2028;29;;;2024.5;0.0
-1;2500;EMERALDS;9996;1;9995;22;;;10004;1;10005;22;;;10000.0;0.0
-1;2500;TOMATOES;2025;2;2024;23;;;2027;1;2028;22;;;2026.0;0.0
-1;2600;EMERALDS;9995;23;;;;;10005;23;;;;;10000.0;0.0
-1;2600;TOMATOES;2025;3;2024;23;;;2028;23;;;;;2026.5;0.0
-1;2700;EMERALDS;9998;6;9995;26;;;10005;26;;;;;10001.5;0.0
-1;2700;TOMATOES;2024;26;;;;;2027;26;;;;;2025.5;0.0
-1;2800;EMERALDS;9995;25;;;;;10005;25;;;;;10000.0;0.0
-1;2800;TOMATOES;2023;25;;;;;2027;25;;;;;2025.0;0.0
-1;2900;EMERALDS;9996;1;9995;25;;;10004;1;10005;25;;;10000.0;0.0
-1;2900;TOMATOES;2023;26;;;;;2027;26;;;;;2025.0;0.0
-1;3000;EMERALDS;9998;1;9995;26;;;10005;26;;;;;10001.5;0.0
-1;3000;TOMATOES;2024;29;;;;;2027;26;;;;;2025.5;0.0
-1;3100;EMERALDS;9996;2;9995;24;;;10004;2;10005;24;;;10000.0;0.0
-1;3100;TOMATOES;2023;26;;;;;2025;5;2026;26;;;2024.0;0.0
-1;3200;EMERALDS;9996;1;9995;22;;;10004;1;10005;22;;;10000.0;0.0
-1;3200;TOMATOES;2023;23;;;;;2025;3;2026;23;;;2024.0;0.0
-1;3300;EMERALDS;9996;2;9995;30;;;10004;2;10005;30;;;10000.0;0.0
-1;3300;TOMATOES;2023;32;;;;;2025;2;2026;32;;;2024.0;0.0
-1;3400;EMERALDS;9996;2;9995;24;;;10004;2;10005;24;;;10000.0;0.0
-1;3400;TOMATOES;2023;26;;;;;2026;26;;;;;2024.5;0.0
-1;3500;EMERALDS;9995;26;;;;;10005;26;;;;;10000.0;0.0
-1;3500;TOMATOES;2023;26;;;;;2026;26;;;;;2024.5;0.0
-1;3600;EMERALDS;9995;21;;;;;9998;4;10005;21;;;9996.5;0.0
-1;3600;TOMATOES;2023;21;;;;;2026;21;;;;;2024.5;0.0
-1;3700;EMERALDS;10002;1;9996;1;9995;23;10004;1;10005;23;;;10003.0;0.0
-1;3700;TOMATOES;2023;27;;;;;2026;24;;;;;2024.5;0.0
-1;3800;EMERALDS;9996;2;9995;23;;;10002;10;10004;2;10005;23;9999.0;0.0
-1;3800;TOMATOES;2023;25;;;;;2026;25;;;;;2024.5;0.0
-1;3900;EMERALDS;9998;1;9996;1;9995;25;10004;1;10005;25;;;10001.0;0.0
-1;3900;TOMATOES;2023;28;;;;;2026;26;;;;;2024.5;0.0
-1;4000;EMERALDS;9996;2;9995;30;;;10004;2;10005;30;;;10000.0;0.0
-1;4000;TOMATOES;2023;32;;;;;2026;32;;;;;2024.5;0.0
-1;4100;EMERALDS;9996;2;9995;27;;;10004;2;10005;27;;;10000.0;0.0
-1;4100;TOMATOES;2023;29;;;;;2027;29;;;;;2025.0;0.0
-1;4200;EMERALDS;9996;2;9995;24;;;10002;4;10004;2;10005;24;9999.0;0.0
-1;4200;TOMATOES;2023;26;;;;;2027;26;;;;;2025.0;0.0
-1;4300;EMERALDS;9995;22;;;;;9998;1;10000;6;10005;22;9996.5;0.0
-1;4300;TOMATOES;2023;29;;;;;2024;5;2026;22;;;2023.5;0.0
-1;4400;EMERALDS;9995;30;;;;;10005;30;;;;;10000.0;0.0
-1;4400;TOMATOES;2023;30;;;;;2026;30;;;;;2024.5;0.0
-1;4500;EMERALDS;9996;1;9995;28;;;10002;10;10004;1;10005;28;9999.0;0.0
-1;4500;TOMATOES;2023;28;;;;;2026;29;;;;;2024.5;0.0
-1;4600;EMERALDS;9996;1;9995;29;;;10002;10;10004;1;10005;29;9999.0;0.0
-1;4600;TOMATOES;2023;30;;;;;2026;30;;;;;2024.5;0.0
-1;4700;EMERALDS;9996;2;9995;30;;;10004;2;10005;30;;;10000.0;0.0
-1;4700;TOMATOES;2023;25;;;;;2025;3;2026;32;;;2024.0;0.0
-1;4800;EMERALDS;9998;6;9996;2;9995;22;10004;2;10005;22;;;10001.0;0.0
-1;4800;TOMATOES;2023;24;;;;;2027;24;;;;;2025.0;0.0
-1;4900;EMERALDS;9995;22;;;;;10002;7;10005;22;;;9998.5;0.0
-1;4900;TOMATOES;2023;22;;;;;2027;22;;;;;2025.0;0.0
-1;5000;EMERALDS;9998;3;9996;2;9995;28;10004;2;10005;28;;;10001.0;0.0
-1;5000;TOMATOES;2023;30;;;;;2026;30;;;;;2024.5;0.0
-1;5100;EMERALDS;9996;1;9995;30;;;10004;1;10005;30;;;10000.0;0.0
-1;5100;TOMATOES;2023;37;;;;;2026;31;;;;;2024.5;0.0
-1;5200;EMERALDS;9998;9;9996;1;9995;26;10004;1;10005;26;;;10001.0;0.0
-1;5200;TOMATOES;2023;35;;;;;2026;27;;;;;2024.5;0.0
-1;5300;EMERALDS;9996;1;9995;20;;;10004;1;10005;20;;;10000.0;0.0
-1;5300;TOMATOES;2025;1;2023;21;;;2026;21;;;;;2025.5;0.0
-1;5400;EMERALDS;9995;21;;;;;10005;21;;;;;10000.0;0.0
-1;5400;TOMATOES;2023;21;;;;;2025;6;2027;21;;;2024.0;0.0
-1;5500;EMERALDS;9995;27;;;;;10005;27;;;;;10000.0;0.0
-1;5500;TOMATOES;2023;27;;;;;2027;27;;;;;2025.0;0.0
-1;5600;EMERALDS;9995;28;;;;;10005;28;;;;;10000.0;0.0
-1;5600;TOMATOES;2025;2;2023;28;;;2027;28;;;;;2026.0;0.0
-1;5700;EMERALDS;9998;2;9995;27;;;10005;27;;;;;10001.5;0.0
-1;5700;TOMATOES;2024;26;;;;;2027;27;;;;;2025.5;0.0
-1;5800;EMERALDS;9996;1;9995;30;;;10004;1;10005;30;;;10000.0;0.0
-1;5800;TOMATOES;2024;31;;;;;2027;31;;;;;2025.5;0.0
-1;5900;EMERALDS;9996;2;9995;28;;;10004;2;10005;28;;;10000.0;0.0
-1;5900;TOMATOES;2024;35;;;;;2027;30;;;;;2025.5;0.0
-1;6000;EMERALDS;9995;30;;;;;10005;30;;;;;10000.0;0.0
-1;6000;TOMATOES;2024;30;;;;;2027;30;;;;;2025.5;0.0
-1;6100;EMERALDS;9996;1;9995;24;;;10004;1;10005;24;;;10000.0;0.0
-1;6100;TOMATOES;2024;24;;;;;2027;25;;;;;2025.5;0.0
-1;6200;EMERALDS;9996;1;9995;21;;;10004;1;10005;21;;;10000.0;0.0
-1;6200;TOMATOES;2024;22;;;;;2027;22;;;;;2025.5;0.0
-1;6300;EMERALDS;9996;2;9995;23;;;10004;2;10005;23;;;10000.0;0.0
-1;6300;TOMATOES;2024;30;;;;;2027;25;;;;;2025.5;0.0
-1;6400;EMERALDS;9996;1;9995;24;;;10004;1;10005;24;;;10000.0;0.0
-1;6400;TOMATOES;2024;25;;;;;2027;25;;;;;2025.5;0.0
-1;6500;EMERALDS;9996;1;9995;26;;;9998;1;10004;1;10005;26;9997.0;0.0
-1;6500;TOMATOES;2024;27;;;;;2027;27;;;;;2025.5;0.0
-1;6600;EMERALDS;9996;2;9995;24;;;10004;2;10005;24;;;10000.0;0.0
-1;6600;TOMATOES;2024;26;;;;;2028;26;;;;;2026.0;0.0
-1;6700;EMERALDS;9995;20;;;;;10002;3;10005;20;;;9998.5;0.0
-1;6700;TOMATOES;2025;7;2024;20;;;2028;20;;;;;2026.5;0.0
-1;6800;EMERALDS;9996;2;9995;30;;;10004;2;10005;30;;;10000.0;0.0
-1;6800;TOMATOES;2024;32;;;;;2026;8;2027;2;2028;30;2025.0;0.0
-1;6900;EMERALDS;9996;1;9995;26;;;10002;5;10004;1;10005;26;9999.0;0.0
-1;6900;TOMATOES;2024;27;;;;;2026;1;2027;27;;;2025.0;0.0
-1;7000;EMERALDS;9998;2;9995;27;;;10005;27;;;;;10001.5;0.0
-1;7000;TOMATOES;2026;4;2024;27;;;2027;27;;;;;2026.5;0.0
-1;7100;EMERALDS;9996;1;9995;29;;;10004;1;10005;29;;;10000.0;0.0
-1;7100;TOMATOES;2024;30;;;;;2027;30;;;;;2025.5;0.0
-1;7200;EMERALDS;9998;5;9996;1;9995;27;10004;1;10005;27;;;10001.0;0.0
-1;7200;TOMATOES;2024;28;;;;;2027;28;;;;;2025.5;0.0
-1;7300;EMERALDS;10002;1;9996;2;9995;29;10004;2;10005;29;;;10003.0;0.0
-1;7300;TOMATOES;2024;35;;;;;2027;31;;;;;2025.5;0.0
-1;7400;EMERALDS;9996;1;9995;22;;;10004;1;10005;22;;;10000.0;0.0
-1;7400;TOMATOES;2024;22;;;;;2027;23;;;;;2025.5;0.0
-1;7500;EMERALDS;9995;25;;;;;10002;10;10005;25;;;9998.5;0.0
-1;7500;TOMATOES;2024;25;;;;;2027;25;;;;;2025.5;0.0
-1;7600;EMERALDS;9996;2;9995;20;;;10004;2;10005;20;;;10000.0;0.0
-1;7600;TOMATOES;2024;22;;;;;2027;22;;;;;2025.5;0.0
-1;7700;EMERALDS;9995;22;;;;;10005;22;;;;;10000.0;0.0
-1;7700;TOMATOES;2024;21;;;;;2027;22;;;;;2025.5;0.0
-1;7800;EMERALDS;9998;3;9996;1;9995;22;10004;1;10005;22;;;10001.0;0.0
-1;7800;TOMATOES;2024;23;;;;;2027;23;;;;;2025.5;0.0
-1;7900;EMERALDS;9996;1;9995;26;;;10004;1;10005;26;;;10000.0;0.0
-1;7900;TOMATOES;2024;31;;;;;2027;27;;;;;2025.5;0.0
-1;8000;EMERALDS;9995;27;;;;;10005;27;;;;;10000.0;0.0
-1;8000;TOMATOES;2024;27;;;;;2026;8;2027;27;;;2025.0;0.0
-1;8100;EMERALDS;9996;1;9995;22;;;10004;1;10005;22;;;10000.0;0.0
-1;8100;TOMATOES;2023;23;;;;;2027;23;;;;;2025.0;0.0
-1;8200;EMERALDS;9995;23;;;;;10005;23;;;;;10000.0;0.0
-1;8200;TOMATOES;2023;23;;;;;2025;1;2026;23;;;2024.0;0.0
-1;8300;EMERALDS;9996;1;9995;29;;;10004;1;10005;29;;;10000.0;0.0
-1;8300;TOMATOES;2023;30;;;;;2026;30;;;;;2024.5;0.0
-1;8400;EMERALDS;9995;28;;;;;10005;28;;;;;10000.0;0.0
-1;8400;TOMATOES;2023;28;;;;;2026;28;;;;;2024.5;0.0
-1;8500;EMERALDS;9998;10;9996;2;9995;29;10004;2;10005;29;;;10001.0;0.0
-1;8500;TOMATOES;2023;31;;;;;2026;31;;;;;2024.5;0.0
-1;8600;EMERALDS;9996;1;9995;22;;;10004;1;10005;22;;;10000.0;0.0
-1;8600;TOMATOES;2023;22;;;;;2026;23;;;;;2024.5;0.0
-1;8700;EMERALDS;9998;10;9995;27;;;10005;27;;;;;10001.5;0.0
-1;8700;TOMATOES;2023;27;;;;;2025;4;2026;27;;;2024.0;0.0
-1;8800;EMERALDS;9995;25;;;;;9998;1;10005;25;;;9996.5;0.0
-1;8800;TOMATOES;2024;7;2023;25;;;2027;25;;;;;2025.5;0.0
-1;8900;EMERALDS;9998;9;9995;26;;;10005;26;;;;;10001.5;0.0
-1;8900;TOMATOES;2024;1;2023;26;;;2027;26;;;;;2025.5;0.0
-1;9000;EMERALDS;9996;2;9995;29;;;10004;2;10005;29;;;10000.0;0.0
-1;9000;TOMATOES;2023;31;;;;;2027;31;;;;;2025.0;0.0
-1;9100;EMERALDS;9998;3;9996;2;9995;27;10004;2;10005;27;;;10001.0;0.0
-1;9100;TOMATOES;2023;29;;;;;2026;2;2027;27;;;2024.5;0.0
-1;9200;EMERALDS;9998;10;9995;27;;;10005;27;;;;;10001.5;0.0
-1;9200;TOMATOES;2023;27;;;;;2025;7;2026;27;;;2024.0;0.0
-1;9300;EMERALDS;9996;1;9995;20;;;10004;1;10005;20;;;10000.0;0.0
-1;9300;TOMATOES;2023;21;;;;;2026;21;;;;;2024.5;0.0
-1;9400;EMERALDS;9998;2;9996;2;9995;21;10004;2;10005;21;;;10001.0;0.0
-1;9400;TOMATOES;2023;23;;;;;2026;23;;;;;2024.5;0.0
-1;9500;EMERALDS;9996;1;9995;30;;;10004;1;10005;30;;;10000.0;0.0
-1;9500;TOMATOES;2023;35;;;;;2026;31;;;;;2024.5;0.0
-1;9600;EMERALDS;9996;1;9995;30;;;10004;1;10005;30;;;10000.0;0.0
-1;9600;TOMATOES;2023;31;;;;;2026;31;;;;;2024.5;0.0
-1;9700;EMERALDS;9995;22;;;;;10002;1;10005;22;;;9998.5;0.0
-1;9700;TOMATOES;2023;22;;;;;2026;22;;;;;2024.5;0.0
-1;9800;EMERALDS;9995;26;;;;;10005;26;;;;;10000.0;0.0
-1;9800;TOMATOES;2023;26;;;;;2026;26;;;;;2024.5;0.0
-1;9900;EMERALDS;9995;25;;;;;10005;25;;;;;10000.0;0.0
-1;9900;TOMATOES;2025;4;2023;25;;;2026;25;;;;;2025.5;0.0
-1;10000;EMERALDS;9995;28;;;;;10005;28;;;;;10000.0;0.0
-1;10000;TOMATOES;2023;36;;;;;2026;28;;;;;2024.5;0.0
-1;10100;EMERALDS;9996;1;9995;24;;;10002;3;10004;1;10005;24;9999.0;0.0
-1;10100;TOMATOES;2023;25;;;;;2026;25;;;;;2024.5;0.0
-1;10200;EMERALDS;9996;2;9995;26;;;10004;2;10005;26;;;10000.0;0.0
-1;10200;TOMATOES;2022;28;;;;;2026;28;;;;;2024.0;0.0
-1;10300;EMERALDS;9998;4;9995;27;;;10005;27;;;;;10001.5;0.0
-1;10300;TOMATOES;2024;1;2022;35;;;2025;27;;;;;2024.5;0.0
-1;10400;EMERALDS;10002;1;9996;1;9995;28;10004;1;10005;28;;;10003.0;0.0
-1;10400;TOMATOES;2023;1;2022;29;;;2026;29;;;;;2024.5;0.0
-1;10500;EMERALDS;9998;4;9996;2;9995;29;10004;2;10005;29;;;10001.0;0.0
-1;10500;TOMATOES;2023;2;2022;29;;;2026;31;;;;;2024.5;0.0
-1;10600;EMERALDS;9996;2;9995;29;;;10000;4;10004;2;10005;29;9998.0;0.0
-1;10600;TOMATOES;2022;31;;;;;2023;4;2024;4;2025;31;2022.5;0.0
-1;10700;EMERALDS;9998;8;9995;28;;;10005;28;;;;;10001.5;0.0
-1;10700;TOMATOES;2022;29;;;;;2025;28;;;;;2023.5;0.0
-1;10800;EMERALDS;9998;5;9996;2;9995;22;10004;2;10005;22;;;10001.0;0.0
-1;10800;TOMATOES;2022;27;;;;;2025;24;;;;;2023.5;0.0
-1;10900;EMERALDS;9996;1;9995;27;;;10004;1;10005;27;;;10000.0;0.0
-1;10900;TOMATOES;2022;35;;;;;2025;28;;;;;2023.5;0.0
-1;11000;EMERALDS;9995;24;;;;;10002;7;10005;24;;;9998.5;0.0
-1;11000;TOMATOES;2024;7;2022;24;;;2025;24;;;;;2024.5;0.0
-1;11100;EMERALDS;9998;3;9995;21;;;10005;21;;;;;10001.5;0.0
-1;11100;TOMATOES;2022;21;;;;;2025;21;;;;;2023.5;0.0
-1;11200;EMERALDS;9996;2;9995;21;;;10002;7;10004;2;10005;21;9999.0;0.0
-1;11200;TOMATOES;2022;23;;;;;2025;23;;;;;2023.5;0.0
-1;11300;EMERALDS;9996;1;9995;21;;;10004;1;10005;21;;;10000.0;0.0
-1;11300;TOMATOES;2022;25;;;;;2025;22;;;;;2023.5;0.0
-1;11400;EMERALDS;9996;1;9995;25;;;10004;1;10005;25;;;10000.0;0.0
-1;11400;TOMATOES;2022;26;;;;;2025;26;;;;;2023.5;0.0
-1;11500;EMERALDS;9996;1;9995;25;;;10002;7;10004;1;10005;25;9999.0;0.0
-1;11500;TOMATOES;2022;26;;;;;2024;8;2025;26;;;2023.0;0.0
-1;11600;EMERALDS;9996;2;9995;27;;;10002;2;10004;2;10005;27;9999.0;0.0
-1;11600;TOMATOES;2022;29;;;;;2026;29;;;;;2024.0;0.0
-1;11700;EMERALDS;9996;2;9995;21;;;10004;2;10005;21;;;10000.0;0.0
-1;11700;TOMATOES;2022;23;;;;;2023;2;2026;23;;;2022.5;0.0
-1;11800;EMERALDS;9998;10;9995;29;;;10000;5;10005;29;;;9999.0;0.0
-1;11800;TOMATOES;2022;29;;;;;2024;4;2026;29;;;2023.0;0.0
-1;11900;EMERALDS;9996;2;9995;30;;;10004;2;10005;30;;;10000.0;0.0
-1;11900;TOMATOES;2023;2;2022;30;;;2024;3;2026;32;;;2023.5;0.0
-1;12000;EMERALDS;10002;1;9995;20;;;10005;20;;;;;10003.5;0.0
-1;12000;TOMATOES;2023;20;;;;;2026;20;;;;;2024.5;0.0
-1;12100;EMERALDS;9996;2;9995;25;;;10004;2;10005;25;;;10000.0;0.0
-1;12100;TOMATOES;2023;27;;;;;2025;1;2026;27;;;2024.0;0.0
-1;12200;EMERALDS;9996;2;9995;28;;;10004;2;10005;28;;;10000.0;0.0
-1;12200;TOMATOES;2023;34;;;;;2026;30;;;;;2024.5;0.0
-1;12300;EMERALDS;9998;6;9996;1;9995;28;10004;1;10005;28;;;10001.0;0.0
-1;12300;TOMATOES;2023;29;;;;;2026;29;;;;;2024.5;0.0
-1;12400;EMERALDS;9995;26;;;;;10005;26;;;;;10000.0;0.0
-1;12400;TOMATOES;2023;30;;;;;2026;26;;;;;2024.5;0.0
-1;12500;EMERALDS;9995;20;;;;;10005;20;;;;;10000.0;0.0
-1;12500;TOMATOES;2023;19;;;;;2026;20;;;;;2024.5;0.0
-1;12600;EMERALDS;9995;22;;;;;10005;22;;;;;10000.0;0.0
-1;12600;TOMATOES;2023;22;;;;;2026;22;;;;;2024.5;0.0
-1;12700;EMERALDS;9996;2;9995;20;;;10004;2;10005;20;;;10000.0;0.0
-1;12700;TOMATOES;2023;22;;;;;2026;22;;;;;2024.5;0.0
-1;12800;EMERALDS;9996;2;9995;20;;;10004;2;10005;20;;;10000.0;0.0
-1;12800;TOMATOES;2023;22;;;;;2026;22;;;;;2024.5;0.0
-1;12900;EMERALDS;9996;1;9995;28;;;10002;3;10004;1;10005;28;9999.0;0.0
-1;12900;TOMATOES;2023;36;;;;;2026;29;;;;;2024.5;0.0
-1;13000;EMERALDS;10002;1;9995;20;;;10005;20;;;;;10003.5;0.0
-1;13000;TOMATOES;2025;1;2023;6;2022;20;2026;20;;;;;2025.5;0.0
-1;13100;EMERALDS;9996;1;9995;25;;;10004;1;10005;25;;;10000.0;0.0
-1;13100;TOMATOES;2023;33;;;;;2026;26;;;;;2024.5;0.0
-1;13200;EMERALDS;9998;2;9995;22;;;10005;22;;;;;10001.5;0.0
-1;13200;TOMATOES;2022;22;;;;;2025;5;2026;22;;;2023.5;0.0
-1;13300;EMERALDS;9995;24;;;;;10005;24;;;;;10000.0;0.0
-1;13300;TOMATOES;2023;6;2022;24;;;2026;24;;;;;2024.5;0.0
-1;13400;EMERALDS;9996;2;9995;30;;;10004;2;10005;30;;;10000.0;0.0
-1;13400;TOMATOES;2023;32;;;;;2026;32;;;;;2024.5;0.0
-1;13500;EMERALDS;9995;30;;;;;10005;30;;;;;10000.0;0.0
-1;13500;TOMATOES;2022;30;;;;;2025;8;2026;30;;;2023.5;0.0
-1;13600;EMERALDS;9995;25;;;;;10002;10;10005;25;;;9998.5;0.0
-1;13600;TOMATOES;2023;24;;;;;2025;3;2026;25;;;2024.0;0.0
-1;13700;EMERALDS;9996;1;9995;20;;;9998;4;10004;1;10005;20;9997.0;0.0
-1;13700;TOMATOES;2023;25;;;;;2026;21;;;;;2024.5;0.0
-1;13800;EMERALDS;9996;2;9995;20;;;10004;2;10005;20;;;10000.0;0.0
-1;13800;TOMATOES;2023;23;;;;;2026;22;;;;;2024.5;0.0
-1;13900;EMERALDS;9996;2;9995;20;;;10000;6;10004;2;10005;20;9998.0;0.0
-1;13900;TOMATOES;2023;22;;;;;2024;6;2025;4;2026;22;2023.5;0.0
-1;14000;EMERALDS;9998;5;9996;2;9995;27;10004;2;10005;27;;;10001.0;0.0
-1;14000;TOMATOES;2023;3;2022;29;;;2026;29;;;;;2024.5;0.0
-1;14100;EMERALDS;9996;2;9995;23;;;10004;2;10005;23;;;10000.0;0.0
-1;14100;TOMATOES;2023;25;;;;;2025;1;2026;25;;;2024.0;0.0
-1;14200;EMERALDS;9995;21;;;;;10005;21;;;;;10000.0;0.0
-1;14200;TOMATOES;2023;20;;;;;2026;21;;;;;2024.5;0.0
-1;14300;EMERALDS;9996;2;9995;27;;;10004;2;10005;27;;;10000.0;0.0
-1;14300;TOMATOES;2022;29;;;;;2026;29;;;;;2024.0;0.0
-1;14400;EMERALDS;9996;1;9995;29;;;10004;1;10005;29;;;10000.0;0.0
-1;14400;TOMATOES;2023;30;;;;;2026;30;;;;;2024.5;0.0
-1;14500;EMERALDS;9995;24;;;;;10002;1;10005;24;;;9998.5;0.0
-1;14500;TOMATOES;2023;24;;;;;2026;24;;;;;2024.5;0.0
-1;14600;EMERALDS;9996;2;9995;26;;;10000;2;10004;2;10005;26;9998.0;0.0
-1;14600;TOMATOES;2022;28;;;;;2024;2;2026;28;;;2023.0;0.0
-1;14700;EMERALDS;9995;30;;;;;10002;7;10005;30;;;9998.5;0.0
-1;14700;TOMATOES;2022;30;;;;;2025;30;;;;;2023.5;0.0
-1;14800;EMERALDS;9995;28;;;;;10002;6;10005;28;;;9998.5;0.0
-1;14800;TOMATOES;2022;28;;;;;2025;28;;;;;2023.5;0.0
-1;14900;EMERALDS;10000;4;9995;26;;;10005;26;;;;;10002.5;0.0
-1;14900;TOMATOES;2023;4;2022;26;;;2025;26;;;;;2024.0;0.0
-1;15000;EMERALDS;9998;1;9995;25;;;10005;25;;;;;10001.5;0.0
-1;15000;TOMATOES;2024;8;2022;25;;;2025;25;;;;;2024.5;0.0
-1;15100;EMERALDS;9995;22;;;;;10005;22;;;;;10000.0;0.0
-1;15100;TOMATOES;2022;27;;;;;2025;22;;;;;2023.5;0.0
-1;15200;EMERALDS;9998;6;9995;27;;;10005;27;;;;;10001.5;0.0
-1;15200;TOMATOES;2022;26;;;;;2025;27;;;;;2023.5;0.0
-1;15300;EMERALDS;9995;26;;;;;10002;1;10005;26;;;9998.5;0.0
-1;15300;TOMATOES;2022;26;;;;;2024;4;2025;26;;;2023.0;0.0
-1;15400;EMERALDS;9996;2;9995;28;;;9998;1;10004;2;10005;28;9997.0;0.0
-1;15400;TOMATOES;2022;35;;;;;2025;30;;;;;2023.5;0.0
-1;15500;EMERALDS;10002;1;9996;2;9995;29;10004;2;10005;29;;;10003.0;0.0
-1;15500;TOMATOES;2022;31;;;;;2024;8;2025;31;;;2023.0;0.0
-1;15600;EMERALDS;9996;2;9995;24;;;10004;2;10005;24;;;10000.0;0.0
-1;15600;TOMATOES;2022;31;;;;;2025;26;;;;;2023.5;0.0
-1;15700;EMERALDS;10002;5;9996;1;9995;24;10004;1;10005;24;;;10003.0;0.0
-1;15700;TOMATOES;2022;25;;;;;2025;25;;;;;2023.5;0.0
-1;15800;EMERALDS;9998;10;9996;2;9995;20;10004;2;10005;20;;;10001.0;0.0
-1;15800;TOMATOES;2025;1;2022;22;;;2026;22;;;;;2025.5;0.0
-1;15900;EMERALDS;9996;2;9995;29;;;10000;6;10004;2;10005;29;9998.0;0.0
-1;15900;TOMATOES;2023;31;;;;;2024;6;2025;2;2026;31;2023.5;0.0
-1;16000;EMERALDS;9996;2;9995;27;;;10002;6;10004;2;10005;27;9999.0;0.0
-1;16000;TOMATOES;2023;29;;;;;2025;2;2026;29;;;2024.0;0.0
-1;16100;EMERALDS;9995;21;;;;;10000;2;10002;10;10005;21;9997.5;0.0
-1;16100;TOMATOES;2022;21;;;;;2023;2;2026;21;;;2022.5;0.0
-1;16200;EMERALDS;9995;24;;;;;9998;1;10005;24;;;9996.5;0.0
-1;16200;TOMATOES;2022;24;;;;;2023;1;2026;24;;;2022.5;0.0
-1;16300;EMERALDS;9996;1;9995;22;;;10004;1;10005;22;;;10000.0;0.0
-1;16300;TOMATOES;2023;2;2022;23;;;2026;23;;;;;2024.5;0.0
-1;16400;EMERALDS;9996;2;9995;30;;;10002;3;10004;2;10005;30;9999.0;0.0
-1;16400;TOMATOES;2023;2;2022;30;;;2026;32;;;;;2024.5;0.0
-1;16500;EMERALDS;9996;2;9995;21;;;10002;7;10004;2;10005;21;9999.0;0.0
-1;16500;TOMATOES;2023;2;2022;21;;;2026;23;;;;;2024.5;0.0
-1;16600;EMERALDS;9998;4;9996;2;9995;28;10004;2;10005;28;;;10001.0;0.0
-1;16600;TOMATOES;2022;30;;;;;2023;1;2026;30;;;2022.5;0.0
-1;16700;EMERALDS;10002;1;9995;26;;;10005;26;;;;;10003.5;0.0
-1;16700;TOMATOES;2025;1;2022;26;;;2026;26;;;;;2025.5;0.0
-1;16800;EMERALDS;9995;26;;;;;10005;26;;;;;10000.0;0.0
-1;16800;TOMATOES;2022;26;;;;;2026;26;;;;;2024.0;0.0
-1;16900;EMERALDS;9996;1;9995;25;;;10004;1;10005;25;;;10000.0;0.0
-1;16900;TOMATOES;2023;1;2022;25;;;2026;26;;;;;2024.5;0.0
-1;17000;EMERALDS;9998;9;9995;29;;;10005;29;;;;;10001.5;0.0
-1;17000;TOMATOES;2023;29;;;;;2026;29;;;;;2024.5;0.0
-1;17100;EMERALDS;9996;2;9995;21;;;10004;2;10005;21;;;10000.0;0.0
-1;17100;TOMATOES;2023;23;;;;;2026;23;;;;;2024.5;0.0
-1;17200;EMERALDS;9998;3;9996;2;9995;22;10004;2;10005;22;;;10001.0;0.0
-1;17200;TOMATOES;2023;24;;;;;2026;24;;;;;2024.5;0.0
-1;17300;EMERALDS;9996;2;9995;23;;;10002;9;10004;2;10005;23;9999.0;0.0
-1;17300;TOMATOES;2023;25;;;;;2025;6;2026;25;;;2024.0;0.0
-1;17400;EMERALDS;10000;6;9998;7;9995;28;10005;28;;;;;10002.5;0.0
-1;17400;TOMATOES;2024;6;2023;28;;;2026;28;;;;;2025.0;0.0
-1;17500;EMERALDS;9995;26;;;;;10005;26;;;;;10000.0;0.0
-1;17500;TOMATOES;2023;26;;;;;2027;26;;;;;2025.0;0.0
-1;17600;EMERALDS;9998;6;9995;30;;;10005;30;;;;;10001.5;0.0
-1;17600;TOMATOES;2023;30;;;;;2026;30;;;;;2024.5;0.0
-1;17700;EMERALDS;9996;2;9995;27;;;10004;2;10005;27;;;10000.0;0.0
-1;17700;TOMATOES;2025;1;2023;29;;;2026;29;;;;;2025.5;0.0
-1;17800;EMERALDS;9996;2;9995;24;;;10002;5;10004;2;10005;24;9999.0;0.0
-1;17800;TOMATOES;2023;26;;;;;2026;2;2027;24;;;2024.5;0.0
-1;17900;EMERALDS;9995;23;;;;;10005;23;;;;;10000.0;0.0
-1;17900;TOMATOES;2023;23;;;;;2027;23;;;;;2025.0;0.0
-1;18000;EMERALDS;9996;2;9995;25;;;10004;2;10005;25;;;10000.0;0.0
-1;18000;TOMATOES;2023;27;;;;;2026;27;;;;;2024.5;0.0
-1;18100;EMERALDS;9995;20;;;;;10005;20;;;;;10000.0;0.0
-1;18100;TOMATOES;2023;20;;;;;2027;20;;;;;2025.0;0.0
-1;18200;EMERALDS;9996;1;9995;25;;;10004;1;10005;25;;;10000.0;0.0
-1;18200;TOMATOES;2024;21;;;;;2027;26;;;;;2025.5;0.0
-1;18300;EMERALDS;9996;2;9995;23;;;10004;2;10005;23;;;10000.0;0.0
-1;18300;TOMATOES;2023;25;;;;;2027;25;;;;;2025.0;0.0
-1;18400;EMERALDS;9996;2;9995;23;;;10004;2;10005;23;;;10000.0;0.0
-1;18400;TOMATOES;2024;25;;;;;2026;5;2027;25;;;2025.0;0.0
-1;18500;EMERALDS;9995;29;;;;;10000;2;10005;29;;;9997.5;0.0
-1;18500;TOMATOES;2024;29;;;;;2025;1;2027;29;;;2024.5;0.0
-1;18600;EMERALDS;10002;1;9995;20;;;10005;20;;;;;10003.5;0.0
-1;18600;TOMATOES;2024;20;;;;;2026;5;2027;20;;;2025.0;0.0
-1;18700;EMERALDS;9995;22;;;;;10005;22;;;;;10000.0;0.0
-1;18700;TOMATOES;2024;22;;;;;2027;22;;;;;2025.5;0.0
-1;18800;EMERALDS;9996;2;9995;26;;;10004;2;10005;26;;;10000.0;0.0
-1;18800;TOMATOES;2024;28;;;;;2027;28;;;;;2025.5;0.0
-1;18900;EMERALDS;9998;2;9995;22;;;10005;22;;;;;10001.5;0.0
-1;18900;TOMATOES;2024;22;;;;;2027;22;;;;;2025.5;0.0
-1;19000;EMERALDS;9996;2;9995;26;;;10004;2;10005;26;;;10000.0;0.0
-1;19000;TOMATOES;2024;18;;;;;2027;28;;;;;2025.5;0.0
-1;19100;EMERALDS;9996;2;9995;26;;;10004;2;10005;26;;;10000.0;0.0
-1;19100;TOMATOES;2024;28;;;;;2027;28;;;;;2025.5;0.0
-1;19200;EMERALDS;9996;1;9995;20;;;9998;1;10004;1;10005;20;9997.0;0.0
-1;19200;TOMATOES;2024;21;;;;;2027;21;;;;;2025.5;0.0
-1;19300;EMERALDS;9996;2;9995;21;;;10004;2;10005;21;;;10000.0;0.0
-1;19300;TOMATOES;2024;23;;;;;2027;23;;;;;2025.5;0.0
-1;19400;EMERALDS;9995;26;;;;;10005;26;;;;;10000.0;0.0
-1;19400;TOMATOES;2023;26;;;;;2027;26;;;;;2025.0;0.0
-1;19500;EMERALDS;9995;23;;;;;10005;23;;;;;10000.0;0.0
-1;19500;TOMATOES;2024;23;;;;;2027;23;;;;;2025.5;0.0
-1;19600;EMERALDS;9996;2;9995;27;;;10004;2;10005;27;;;10000.0;0.0
-1;19600;TOMATOES;2024;2;2023;27;;;2027;29;;;;;2025.5;0.0
-1;19700;EMERALDS;10002;1;9996;2;9995;30;10004;2;10005;30;;;10003.0;0.0
-1;19700;TOMATOES;2024;31;;;;;2026;7;2027;32;;;2025.0;0.0
-1;19800;EMERALDS;9996;2;9995;29;;;10004;2;10005;29;;;10000.0;0.0
-1;19800;TOMATOES;2024;31;;;;;2027;31;;;;;2025.5;0.0
-1;19900;EMERALDS;9996;2;9995;30;;;10004;2;10005;30;;;10000.0;0.0
-1;19900;TOMATOES;2024;32;;;;;2027;32;;;;;2025.5;0.0
-1;20000;EMERALDS;9995;27;;;;;10002;4;10005;27;;;9998.5;0.0
-1;20000;TOMATOES;2024;2;2023;27;;;2027;27;;;;;2025.5;0.0
-1;20100;EMERALDS;10002;1;9996;1;9995;30;10004;1;10005;30;;;10003.0;0.0
-1;20100;TOMATOES;2023;31;;;;;2025;4;2027;31;;;2024.0;0.0
-1;20200;EMERALDS;9995;29;;;;;9998;1;10005;29;;;9996.5;0.0
-1;20200;TOMATOES;2023;29;;;;;2027;29;;;;;2025.0;0.0
-1;20300;EMERALDS;9995;27;;;;;10005;27;;;;;10000.0;0.0
-1;20300;TOMATOES;2024;26;;;;;2027;27;;;;;2025.5;0.0
-1;20400;EMERALDS;9996;1;9995;28;;;10000;4;10004;1;10005;28;9998.0;0.0
-1;20400;TOMATOES;2024;30;;;;;2025;4;2027;29;;;2024.5;0.0
-1;20500;EMERALDS;10000;3;9996;2;9995;30;10004;2;10005;30;;;10002.0;0.0
-1;20500;TOMATOES;2025;4;2024;7;2023;30;2027;32;;;;;2026.0;0.0
-1;20600;EMERALDS;9996;2;9995;26;;;10004;2;10005;26;;;10000.0;0.0
-1;20600;TOMATOES;2023;28;;;;;2027;28;;;;;2025.0;0.0
-1;20700;EMERALDS;10002;1;10000;6;9998;4;10005;22;;;;;10003.5;0.0
-1;20700;TOMATOES;2025;6;2023;22;;;2027;22;;;;;2026.0;0.0
-1;20800;EMERALDS;9996;2;9995;22;;;10004;2;10005;22;;;10000.0;0.0
-1;20800;TOMATOES;2024;2;2023;22;;;2027;24;;;;;2025.5;0.0
-1;20900;EMERALDS;9995;23;;;;;10005;23;;;;;10000.0;0.0
-1;20900;TOMATOES;2026;1;2023;23;;;2027;23;;;;;2026.5;0.0
-1;21000;EMERALDS;9996;2;9995;26;;;10004;2;10005;26;;;10000.0;0.0
-1;21000;TOMATOES;2024;28;;;;;2027;28;;;;;2025.5;0.0
-1;21100;EMERALDS;9996;2;9995;22;;;10004;2;10005;22;;;10000.0;0.0
-1;21100;TOMATOES;2024;2;2023;22;;;2027;24;;;;;2025.5;0.0
-1;21200;EMERALDS;9995;22;;;;;9998;1;10005;22;;;9996.5;0.0
-1;21200;TOMATOES;2024;22;;;;;2027;22;;;;;2025.5;0.0
-1;21300;EMERALDS;9996;1;9995;29;;;10002;7;10004;1;10005;29;9999.0;0.0
-1;21300;TOMATOES;2024;1;2023;29;;;2027;30;;;;;2025.5;0.0
-1;21400;EMERALDS;9995;28;;;;;10005;28;;;;;10000.0;0.0
-1;21400;TOMATOES;2024;28;;;;;2027;28;;;;;2025.5;0.0
-1;21500;EMERALDS;9996;1;9995;20;;;10004;1;10005;20;;;10000.0;0.0
-1;21500;TOMATOES;2026;4;2024;21;;;2027;21;;;;;2026.5;0.0
-1;21600;EMERALDS;10002;12;9996;2;9995;25;10004;2;10005;25;;;10003.0;0.0
-1;21600;TOMATOES;2024;27;;;;;2027;2;2028;25;;;2025.5;0.0
-1;21700;EMERALDS;9998;8;9996;2;9995;29;10004;2;10005;29;;;10001.0;0.0
-1;21700;TOMATOES;2024;31;;;;;2027;31;;;;;2025.5;0.0
-1;21800;EMERALDS;9996;2;9995;22;;;10004;2;10005;22;;;10000.0;0.0
-1;21800;TOMATOES;2024;24;;;;;2028;24;;;;;2026.0;0.0
-1;21900;EMERALDS;10002;3;9996;1;9995;21;10004;1;10005;21;;;10003.0;0.0
-1;21900;TOMATOES;2024;22;;;;;2028;22;;;;;2026.0;0.0
-1;22000;EMERALDS;9995;21;;;;;10005;21;;;;;10000.0;0.0
-1;22000;TOMATOES;2024;21;;;;;2028;21;;;;;2026.0;0.0
-1;22100;EMERALDS;9996;2;9995;22;;;10002;7;10004;2;10005;22;9999.0;0.0
-1;22100;TOMATOES;2024;23;;;;;2027;24;;;;;2025.5;0.0
-1;22200;EMERALDS;9998;6;9996;1;9995;20;10004;1;10005;20;;;10001.0;0.0
-1;22200;TOMATOES;2024;21;;;;;2027;21;;;;;2025.5;0.0
-1;22300;EMERALDS;9996;1;9995;28;;;10004;1;10005;28;;;10000.0;0.0
-1;22300;TOMATOES;2023;29;;;;;2026;1;2027;28;;;2024.5;0.0
-1;22400;EMERALDS;9996;2;9995;27;;;9998;1;10004;2;10005;27;9997.0;0.0
-1;22400;TOMATOES;2023;29;;;;;2026;29;;;;;2024.5;0.0
-1;22500;EMERALDS;9996;2;9995;29;;;10004;2;10005;29;;;10000.0;0.0
-1;22500;TOMATOES;2023;31;;;;;2026;31;;;;;2024.5;0.0
-1;22600;EMERALDS;10000;6;9998;6;9996;2;10004;2;10005;20;;;10002.0;0.0
-1;22600;TOMATOES;2024;6;2023;26;;;2026;22;;;;;2025.0;0.0
-1;22700;EMERALDS;9996;2;9995;24;;;10004;2;10005;24;;;10000.0;0.0
-1;22700;TOMATOES;2023;25;;;;;2026;26;;;;;2024.5;0.0
-1;22800;EMERALDS;9996;1;9995;27;;;9998;2;10004;1;10005;27;9997.0;0.0
-1;22800;TOMATOES;2023;27;;;;;2026;28;;;;;2024.5;0.0
-1;22900;EMERALDS;9996;2;9995;30;;;10002;8;10004;2;10005;30;9999.0;0.0
-1;22900;TOMATOES;2023;2;2022;30;;;2026;32;;;;;2024.5;0.0
-1;23000;EMERALDS;9996;1;9995;21;;;10004;1;10005;21;;;10000.0;0.0
-1;23000;TOMATOES;2022;22;;;;;2026;22;;;;;2024.0;0.0
-1;23100;EMERALDS;9998;8;9995;23;;;10005;23;;;;;10001.5;0.0
-1;23100;TOMATOES;2023;23;;;;;2026;23;;;;;2024.5;0.0
-1;23200;EMERALDS;9998;5;9996;2;9995;29;10004;2;10005;29;;;10001.0;0.0
-1;23200;TOMATOES;2023;2;2022;29;;;2024;3;2026;31;;;2023.5;0.0
-1;23300;EMERALDS;9996;1;9995;29;;;10004;1;10005;29;;;10000.0;0.0
-1;23300;TOMATOES;2023;30;;;;;2026;30;;;;;2024.5;0.0
-1;23400;EMERALDS;9996;1;9995;29;;;10004;1;10005;29;;;10000.0;0.0
-1;23400;TOMATOES;2023;30;;;;;2026;30;;;;;2024.5;0.0
-1;23500;EMERALDS;9998;8;9996;2;9995;28;10004;2;10005;28;;;10001.0;0.0
-1;23500;TOMATOES;2023;29;;;;;2025;4;2026;30;;;2024.0;0.0
-1;23600;EMERALDS;9995;27;;;;;10005;27;;;;;10000.0;0.0
-1;23600;TOMATOES;2022;27;;;;;2026;27;;;;;2024.0;0.0
-1;23700;EMERALDS;10002;1;9996;2;9995;21;10004;2;10005;21;;;10003.0;0.0
-1;23700;TOMATOES;2023;2;2022;21;;;2025;7;2026;23;;;2024.0;0.0
-1;23800;EMERALDS;9995;30;;;;;10005;30;;;;;10000.0;0.0
-1;23800;TOMATOES;2024;1;2022;30;;;2026;30;;;;;2025.0;0.0
-1;23900;EMERALDS;9995;30;;;;;10005;30;;;;;10000.0;0.0
-1;23900;TOMATOES;2025;1;2023;1;2022;30;2026;30;;;;;2025.5;0.0
-1;24000;EMERALDS;9998;9;9995;29;;;10005;29;;;;;10001.5;0.0
-1;24000;TOMATOES;2022;29;;;;;2026;29;;;;;2024.0;0.0
-1;24100;EMERALDS;9996;1;9995;25;;;10004;1;10005;25;;;10000.0;0.0
-1;24100;TOMATOES;2023;1;2022;25;;;2025;3;2026;26;;;2024.0;0.0
-1;24200;EMERALDS;9996;2;9995;28;;;10002;6;10004;2;10005;28;9999.0;0.0
-1;24200;TOMATOES;2023;30;;;;;2026;30;;;;;2024.5;0.0
-1;24300;EMERALDS;9996;2;9995;24;;;10002;1;10004;2;10005;24;9999.0;0.0
-1;24300;TOMATOES;2023;26;;;;;2026;26;;;;;2024.5;0.0
-1;24400;EMERALDS;10002;1;9998;4;9996;1;10004;1;10005;21;;;10003.0;0.0
-1;24400;TOMATOES;2025;1;2023;22;;;2026;22;;;;;2025.5;0.0
-1;24500;EMERALDS;10002;1;9996;1;9995;25;10004;1;10005;25;;;10003.0;0.0
-1;24500;TOMATOES;2022;26;;;;;2026;26;;;;;2024.0;0.0
-1;24600;EMERALDS;9995;24;;;;;9998;2;10005;24;;;9996.5;0.0
-1;24600;TOMATOES;2022;24;;;;;2024;2;2026;24;;;2023.0;0.0
-1;24700;EMERALDS;9995;25;;;;;10005;25;;;;;10000.0;0.0
-1;24700;TOMATOES;2023;25;;;;;2026;25;;;;;2024.5;0.0
-1;24800;EMERALDS;9995;23;;;;;10005;23;;;;;10000.0;0.0
-1;24800;TOMATOES;2022;23;;;;;2026;23;;;;;2024.0;0.0
-1;24900;EMERALDS;10002;1;9996;1;9995;22;10004;1;10005;22;;;10003.0;0.0
-1;24900;TOMATOES;2024;4;2022;23;;;2026;23;;;;;2025.0;0.0
-1;25000;EMERALDS;9995;23;;;;;10005;23;;;;;10000.0;0.0
-1;25000;TOMATOES;2023;23;;;;;2026;23;;;;;2024.5;0.0
-1;25100;EMERALDS;10002;1;9995;25;;;10005;25;;;;;10003.5;0.0
-1;25100;TOMATOES;2022;25;;;;;2024;4;2026;25;;;2023.0;0.0
-1;25200;EMERALDS;9996;1;9995;24;;;9998;5;10004;1;10005;24;9997.0;0.0
-1;25200;TOMATOES;2023;1;2022;24;;;2025;3;2026;25;;;2024.0;0.0
-1;25300;EMERALDS;9996;2;9995;22;;;10004;2;10005;22;;;10000.0;0.0
-1;25300;TOMATOES;2023;4;2022;22;;;2026;24;;;;;2024.5;0.0
-1;25400;EMERALDS;9996;1;9995;29;;;10004;1;10005;29;;;10000.0;0.0
-1;25400;TOMATOES;2025;8;2023;30;;;2026;30;;;;;2025.5;0.0
-1;25500;EMERALDS;9996;1;9995;20;;;9998;6;10002;9;10004;1;9997.0;0.0
-1;25500;TOMATOES;2022;21;;;;;2025;21;;;;;2023.5;0.0
-1;25600;EMERALDS;9996;1;9995;22;;;10002;7;10004;1;10005;22;9999.0;0.0
-1;25600;TOMATOES;2023;31;;;;;2026;23;;;;;2024.5;0.0
-1;25700;EMERALDS;9996;2;9995;30;;;10004;2;10005;30;;;10000.0;0.0
-1;25700;TOMATOES;2023;32;;;;;2025;6;2026;32;;;2024.0;0.0
-1;25800;EMERALDS;10002;4;9995;24;;;10005;24;;;;;10003.5;0.0
-1;25800;TOMATOES;2023;23;;;;;2026;24;;;;;2024.5;0.0
-1;25900;EMERALDS;9996;2;9995;23;;;10004;2;10005;23;;;10000.0;0.0
-1;25900;TOMATOES;2023;25;;;;;2026;25;;;;;2024.5;0.0
-1;26000;EMERALDS;9996;2;9995;27;;;10004;2;10005;27;;;10000.0;0.0
-1;26000;TOMATOES;2023;22;;;;;2026;29;;;;;2024.5;0.0
-1;26100;EMERALDS;9998;7;9995;20;;;10005;20;;;;;10001.5;0.0
-1;26100;TOMATOES;2023;20;;;;;2026;20;;;;;2024.5;0.0
-1;26200;EMERALDS;9996;1;9995;22;;;10004;1;10005;22;;;10000.0;0.0
-1;26200;TOMATOES;2023;23;;;;;2026;23;;;;;2024.5;0.0
-1;26300;EMERALDS;9996;1;9995;29;;;9998;1;10004;1;10005;29;9997.0;0.0
-1;26300;TOMATOES;2023;30;;;;;2026;30;;;;;2024.5;0.0
-1;26400;EMERALDS;9995;22;;;;;10005;22;;;;;10000.0;0.0
-1;26400;TOMATOES;2023;27;;;;;2026;22;;;;;2024.5;0.0
-1;26500;EMERALDS;9996;1;9995;23;;;10004;1;10005;23;;;10000.0;0.0
-1;26500;TOMATOES;2023;24;;;;;2026;24;;;;;2024.5;0.0
-1;26600;EMERALDS;9996;2;9995;28;;;9998;1;10004;2;10005;28;9997.0;0.0
-1;26600;TOMATOES;2023;36;;;;;2026;30;;;;;2024.5;0.0
-1;26700;EMERALDS;9998;2;9996;1;9995;23;10004;1;10005;23;;;10001.0;0.0
-1;26700;TOMATOES;2023;24;;;;;2025;6;2026;24;;;2024.0;0.0
-1;26800;EMERALDS;9996;2;9995;28;;;10004;2;10005;28;;;10000.0;0.0
-1;26800;TOMATOES;2025;1;2023;30;;;2026;30;;;;;2025.5;0.0
-1;26900;EMERALDS;10002;1;9995;30;;;10005;30;;;;;10003.5;0.0
-1;26900;TOMATOES;2023;29;;;;;2026;30;;;;;2024.5;0.0
-1;27000;EMERALDS;9995;28;;;;;10002;1;10005;28;;;9998.5;0.0
-1;27000;TOMATOES;2023;30;;;;;2026;28;;;;;2024.5;0.0
-1;27100;EMERALDS;9995;24;;;;;10005;24;;;;;10000.0;0.0
-1;27100;TOMATOES;2023;27;;;;;2026;24;;;;;2024.5;0.0
-1;27200;EMERALDS;9998;2;9995;21;;;10005;21;;;;;10001.5;0.0
-1;27200;TOMATOES;2023;21;;;;;2025;2;2026;21;;;2024.0;0.0
-1;27300;EMERALDS;9996;2;9995;29;;;10004;2;10005;29;;;10000.0;0.0
-1;27300;TOMATOES;2025;1;2023;31;;;2026;31;;;;;2025.5;0.0
-1;27400;EMERALDS;9995;21;;;;;10005;21;;;;;10000.0;0.0
-1;27400;TOMATOES;2023;21;;;;;2026;21;;;;;2024.5;0.0
-1;27500;EMERALDS;9996;1;9995;22;;;10004;1;10005;22;;;10000.0;0.0
-1;27500;TOMATOES;2023;23;;;;;2025;6;2026;23;;;2024.0;0.0
-1;27600;EMERALDS;9998;5;9995;24;;;10005;24;;;;;10001.5;0.0
-1;27600;TOMATOES;2023;30;;;;;2026;24;;;;;2024.5;0.0
-1;27700;EMERALDS;9995;24;;;;;10005;24;;;;;10000.0;0.0
-1;27700;TOMATOES;2023;19;;;;;2026;24;;;;;2024.5;0.0
-1;27800;EMERALDS;9998;9;9996;2;9995;26;10004;2;10005;26;;;10001.0;0.0
-1;27800;TOMATOES;2023;28;;;;;2025;3;2026;28;;;2024.0;0.0
-1;27900;EMERALDS;9996;2;9995;27;;;10002;4;10004;2;10005;27;9999.0;0.0
-1;27900;TOMATOES;2025;1;2023;29;;;2026;29;;;;;2025.5;0.0
-1;28000;EMERALDS;9998;2;9995;28;;;10005;28;;;;;10001.5;0.0
-1;28000;TOMATOES;2023;28;;;;;2026;28;;;;;2024.5;0.0
-1;28100;EMERALDS;9996;2;9995;24;;;10004;2;10005;24;;;10000.0;0.0
-1;28100;TOMATOES;2023;26;;;;;2026;26;;;;;2024.5;0.0
-1;28200;EMERALDS;9996;1;9995;25;;;9998;2;10004;1;10005;25;9997.0;0.0
-1;28200;TOMATOES;2023;26;;;;;2025;5;2026;1;2027;25;2024.0;0.0
-1;28300;EMERALDS;9996;1;9995;23;;;10004;1;10005;23;;;10000.0;0.0
-1;28300;TOMATOES;2023;24;;;;;2024;2;2027;24;;;2023.5;0.0
-1;28400;EMERALDS;9996;2;9995;23;;;10004;2;10005;23;;;10000.0;0.0
-1;28400;TOMATOES;2023;24;;;;;2027;25;;;;;2025.0;0.0
-1;28500;EMERALDS;9998;10;9995;23;;;10005;23;;;;;10001.5;0.0
-1;28500;TOMATOES;2023;23;;;;;2027;23;;;;;2025.0;0.0
-1;28600;EMERALDS;10002;1;9996;2;9995;21;10004;2;10005;21;;;10003.0;0.0
-1;28600;TOMATOES;2023;23;;;;;2025;8;2027;23;;;2024.0;0.0
-1;28700;EMERALDS;9995;30;;;;;10005;30;;;;;10000.0;0.0
-1;28700;TOMATOES;2023;30;;;;;2027;30;;;;;2025.0;0.0
-1;28800;EMERALDS;9995;27;;;;;10005;27;;;;;10000.0;0.0
-1;28800;TOMATOES;2024;27;;;;;2027;27;;;;;2025.5;0.0
-1;28900;EMERALDS;9998;7;9996;1;9995;21;10004;1;10005;21;;;10001.0;0.0
-1;28900;TOMATOES;2024;26;;;;;2027;22;;;;;2025.5;0.0
-1;29000;EMERALDS;9995;24;;;;;10005;24;;;;;10000.0;0.0
-1;29000;TOMATOES;2024;23;;;;;2027;24;;;;;2025.5;0.0
-1;29100;EMERALDS;9996;2;9995;26;;;10004;2;10005;26;;;10000.0;0.0
-1;29100;TOMATOES;2024;31;;;;;2027;28;;;;;2025.5;0.0
-1;29200;EMERALDS;9996;1;9995;30;;;10004;1;10005;30;;;10000.0;0.0
-1;29200;TOMATOES;2026;1;2024;31;;;2027;31;;;;;2026.5;0.0
-1;29300;EMERALDS;9996;2;9995;30;;;10002;3;10004;2;10005;30;9999.0;0.0
-1;29300;TOMATOES;2024;32;;;;;2026;2;2027;32;;;2025.0;0.0
-1;29400;EMERALDS;10002;1;9996;1;9995;25;10004;1;10005;25;;;10003.0;0.0
-1;29400;TOMATOES;2024;25;;;;;2027;26;;;;;2025.5;0.0
-1;29500;EMERALDS;9996;2;9995;27;;;10004;2;10005;27;;;10000.0;0.0
-1;29500;TOMATOES;2024;31;;;;;2027;29;;;;;2025.5;0.0
-1;29600;EMERALDS;9996;2;9995;28;;;10004;2;10005;28;;;10000.0;0.0
-1;29600;TOMATOES;2024;2;2023;28;;;2025;3;2027;30;;;2024.5;0.0
-1;29700;EMERALDS;9996;1;9995;25;;;10002;4;10004;1;10005;25;9999.0;0.0
-1;29700;TOMATOES;2024;28;;;;;2027;26;;;;;2025.5;0.0
-1;29800;EMERALDS;9998;6;9996;1;9995;30;10004;1;10005;30;;;10001.0;0.0
-1;29800;TOMATOES;2024;31;;;;;2026;1;2027;1;2028;30;2025.0;0.0
-1;29900;EMERALDS;9995;21;;;;;10005;21;;;;;10000.0;0.0
-1;29900;TOMATOES;2025;8;2024;21;;;2028;21;;;;;2026.5;0.0

Trade History:
[{"timestamp": 0, "buyer": "", "seller": "", "symbol": "TOMATOES", "currency": "SEASHELLS", "price": 2029, "quantity": 13}, {"timestamp": 0, "buyer": "", "seller": "", "symbol": "TOMATOES", "currency": "SEASHELLS", "price": 2029, "quantity": 1}, {"timestamp": 0, "buyer": "", "seller": "", "symbol": "EMERALDS", "currency": "SEASHELLS", "price": 10004, "quantity": 1}, {"timestamp": 1100, "buyer": "", "seller": "", "symbol": "EMERALDS", "currency": "SEASHELLS", "price": 9996, "quantity": 2}, {"timestamp": 1700, "buyer": "", "seller": "", "symbol": "TOMATOES", "currency": "SEASHELLS", "price": 2026, "quantity": 8}, {"timestamp": 1700, "buyer": "", "seller": "", "symbol": "EMERALDS", "currency": "SEASHELLS", "price": 10002, "quantity": 1}, {"timestamp": 1800, "buyer": "", "seller": "", "symbol": "EMERALDS", "currency": "SEASHELLS", "price": 10002, "quantity": 1}, {"timestamp": 1900, "buyer": "", "seller": "", "symbol": "TOMATOES", "currency": "SEASHELLS", "price": 2026, "quantity": 1}, {"timestamp": 2000, "buyer": "", "seller": "", "symbol": "EMERALDS", "currency": "SEASHELLS", "price": 9998, "quantity": 1}, {"timestamp": 2400, "buyer": "", "seller": "", "symbol": "TOMATOES", "currency": "SEASHELLS", "price": 2025, "quantity": 1}, {"timestamp": 2900, "buyer": "", "seller": "", "symbol": "EMERALDS", "currency": "SEASHELLS", "price": 9996, "quantity": 1}, {"timestamp": 2900, "buyer": "", "seller": "", "symbol": "EMERALDS", "currency": "SEASHELLS", "price": 9996, "quantity": 11}, {"timestamp": 3000, "buyer": "", "seller": "", "symbol": "TOMATOES", "currency": "SEASHELLS", "price": 2027, "quantity": 1}, {"timestamp": 3000, "buyer": "", "seller": "", "symbol": "EMERALDS", "currency": "SEASHELLS", "price": 10005, "quantity": 1}, {"timestamp": 3100, "buyer": "", "seller": "", "symbol": "TOMATOES", "currency": "SEASHELLS", "price": 2023, "quantity": 2}, {"timestamp": 3100, "buyer": "", "seller": "", "symbol": "EMERALDS", "currency": "SEASHELLS", "price": 9996, "quantity": 2}, {"timestamp": 3200, "buyer": "", "seller": "", "symbol": "TOMATOES", "currency": "SEASHELLS", "price": 2023, "quantity": 2}, {"timestamp": 3200, "buyer": "", "seller": "", "symbol": "EMERALDS", "currency": "SEASHELLS", "price": 9996, "quantity": 1}, {"timestamp": 3200, "buyer": "", "seller": "", "symbol": "EMERALDS", "currency": "SEASHELLS", "price": 9996, "quantity": 1}, {"timestamp": 3700, "buyer": "", "seller": "", "symbol": "EMERALDS", "currency": "SEASHELLS", "price": 10002, "quantity": 1}, {"timestamp": 3800, "buyer": "", "seller": "", "symbol": "TOMATOES", "currency": "SEASHELLS", "price": 2023, "quantity": 14}, {"timestamp": 3800, "buyer": "", "seller": "", "symbol": "TOMATOES", "currency": "SEASHELLS", "price": 2023, "quantity": 1}, {"timestamp": 3800, "buyer": "", "seller": "", "symbol": "EMERALDS", "currency": "SEASHELLS", "price": 9996, "quantity": 1}, {"timestamp": 4200, "buyer": "", "seller": "", "symbol": "EMERALDS", "currency": "SEASHELLS", "price": 9996, "quantity": 2}, {"timestamp": 4300, "buyer": "", "seller": "", "symbol": "TOMATOES", "currency": "SEASHELLS", "price": 2025, "quantity": 1}, {"timestamp": 4300, "buyer": "", "seller": "", "symbol": "TOMATOES", "currency": "SEASHELLS", "price": 2023, "quantity": 2}, {"timestamp": 4300, "buyer": "", "seller": "", "symbol": "EMERALDS", "currency": "SEASHELLS", "price": 9995, "quantity": 2}, {"timestamp": 4500, "buyer": "", "seller": "", "symbol": "TOMATOES", "currency": "SEASHELLS", "price": 2023, "quantity": 1}, {"timestamp": 4700, "buyer": "", "seller": "", "symbol": "TOMATOES", "currency": "SEASHELLS", "price": 2023, "quantity": 7}, {"timestamp": 4800, "buyer": "", "seller": "", "symbol": "TOMATOES", "currency": "SEASHELLS", "price": 2027, "quantity": 2}, {"timestamp": 4800, "buyer": "", "seller": "", "symbol": "EMERALDS", "currency": "SEASHELLS", "price": 10004, "quantity": 2}, {"timestamp": 5300, "buyer": "", "seller": "", "symbol": "TOMATOES", "currency": "SEASHELLS", "price": 2025, "quantity": 1}, {"timestamp": 5700, "buyer": "", "seller": "", "symbol": "TOMATOES", "currency": "SEASHELLS", "price": 2024, "quantity": 1}, {"timestamp": 6100, "buyer": "", "seller": "", "symbol": "TOMATOES", "currency": "SEASHELLS", "price": 2024, "quantity": 1}, {"timestamp": 6500, "buyer": "", "seller": "", "symbol": "EMERALDS", "currency": "SEASHELLS", "price": 9998, "quantity": 1}, {"timestamp": 6600, "buyer": "", "seller": "", "symbol": "EMERALDS", "currency": "SEASHELLS", "price": 10004, "quantity": 2}, {"timestamp": 6700, "buyer": "", "seller": "", "symbol": "EMERALDS", "currency": "SEASHELLS", "price": 10002, "quantity": 3}, {"timestamp": 6900, "buyer": "", "seller": "", "symbol": "TOMATOES", "currency": "SEASHELLS", "price": 2026, "quantity": 1}, {"timestamp": 6900, "buyer": "", "seller": "", "symbol": "EMERALDS", "currency": "SEASHELLS", "price": 10002, "quantity": 1}, {"timestamp": 7000, "buyer": "", "seller": "", "symbol": "TOMATOES", "currency": "SEASHELLS", "price": 2027, "quantity": 2}, {"timestamp": 7000, "buyer": "", "seller": "", "symbol": "EMERALDS", "currency": "SEASHELLS", "price": 10005, "quantity": 2}, {"timestamp": 7300, "buyer": "", "seller": "", "symbol": "TOMATOES", "currency": "SEASHELLS", "price": 2027, "quantity": 2}, {"timestamp": 7300, "buyer": "", "seller": "", "symbol": "EMERALDS", "currency": "SEASHELLS", "price": 10004, "quantity": 2}, {"timestamp": 7400, "buyer": "", "seller": "", "symbol": "TOMATOES", "currency": "SEASHELLS", "price": 2024, "quantity": 1}, {"timestamp": 7700, "buyer": "", "seller": "", "symbol": "TOMATOES", "currency": "SEASHELLS", "price": 2024, "quantity": 1}, {"timestamp": 8100, "buyer": "", "seller": "", "symbol": "TOMATOES", "currency": "SEASHELLS", "price": 2027, "quantity": 1}, {"timestamp": 8100, "buyer": "", "seller": "", "symbol": "EMERALDS", "currency": "SEASHELLS", "price": 9996, "quantity": 1}, {"timestamp": 8100, "buyer": "", "seller": "", "symbol": "EMERALDS", "currency": "SEASHELLS", "price": 9996, "quantity": 1}, {"timestamp": 8600, "buyer": "", "seller": "", "symbol": "TOMATOES", "currency": "SEASHELLS", "price": 2023, "quantity": 1}, {"timestamp": 8800, "buyer": "", "seller": "", "symbol": "EMERALDS", "currency": "SEASHELLS", "price": 9998, "quantity": 1}, {"timestamp": 9200, "buyer": "", "seller": "", "symbol": "TOMATOES", "currency": "SEASHELLS", "price": 2025, "quantity": 1}, {"timestamp": 10300, "buyer": "", "seller": "", "symbol": "TOMATOES", "currency": "SEASHELLS", "price": 2024, "quantity": 1}, {"timestamp": 10300, "buyer": "", "seller": "", "symbol": "EMERALDS", "currency": "SEASHELLS", "price": 9998, "quantity": 1}, {"timestamp": 10400, "buyer": "", "seller": "", "symbol": "EMERALDS", "currency": "SEASHELLS", "price": 10002, "quantity": 1}, {"timestamp": 10800, "buyer": "", "seller": "", "symbol": "EMERALDS", "currency": "SEASHELLS", "price": 10004, "quantity": 2}, {"timestamp": 10800, "buyer": "", "seller": "", "symbol": "EMERALDS", "currency": "SEASHELLS", "price": 10004, "quantity": 10}, {"timestamp": 11100, "buyer": "", "seller": "", "symbol": "EMERALDS", "currency": "SEASHELLS", "price": 9998, "quantity": 3}, {"timestamp": 11100, "buyer": "", "seller": "", "symbol": "EMERALDS", "currency": "SEASHELLS", "price": 9998, "quantity": 4}, {"timestamp": 11300, "buyer": "", "seller": "", "symbol": "TOMATOES", "currency": "SEASHELLS", "price": 2022, "quantity": 3}, {"timestamp": 11400, "buyer": "", "seller": "", "symbol": "TOMATOES", "currency": "SEASHELLS", "price": 2022, "quantity": 2}, {"timestamp": 11400, "buyer": "", "seller": "", "symbol": "EMERALDS", "currency": "SEASHELLS", "price": 9996, "quantity": 1}, {"timestamp": 11500, "buyer": "", "seller": "", "symbol": "EMERALDS", "currency": "SEASHELLS", "price": 10002, "quantity": 2}, {"timestamp": 11700, "buyer": "", "seller": "", "symbol": "TOMATOES", "currency": "SEASHELLS", "price": 2023, "quantity": 2}, {"timestamp": 11800, "buyer": "", "seller": "", "symbol": "TOMATOES", "currency": "SEASHELLS", "price": 2025, "quantity": 1}, {"timestamp": 12000, "buyer": "", "seller": "", "symbol": "EMERALDS", "currency": "SEASHELLS", "price": 10002, "quantity": 1}, {"timestamp": 12400, "buyer": "", "seller": "", "symbol": "TOMATOES", "currency": "SEASHELLS", "price": 2026, "quantity": 15}, {"timestamp": 12500, "buyer": "", "seller": "", "symbol": "TOMATOES", "currency": "SEASHELLS", "price": 2023, "quantity": 1}, {"timestamp": 13000, "buyer": "", "seller": "", "symbol": "TOMATOES", "currency": "SEASHELLS", "price": 2025, "quantity": 1}, {"timestamp": 13000, "buyer": "", "seller": "", "symbol": "EMERALDS", "currency": "SEASHELLS", "price": 10002, "quantity": 1}, {"timestamp": 13200, "buyer": "", "seller": "", "symbol": "EMERALDS", "currency": "SEASHELLS", "price": 9998, "quantity": 2}, {"timestamp": 13300, "buyer": "", "seller": "", "symbol": "TOMATOES", "currency": "SEASHELLS", "price": 2026, "quantity": 2}, {"timestamp": 13300, "buyer": "", "seller": "", "symbol": "EMERALDS", "currency": "SEASHELLS", "price": 10005, "quantity": 2}, {"timestamp": 13600, "buyer": "", "seller": "", "symbol": "TOMATOES", "currency": "SEASHELLS", "price": 2023, "quantity": 1}, {"timestamp": 14200, "buyer": "", "seller": "", "symbol": "TOMATOES", "currency": "SEASHELLS", "price": 2023, "quantity": 1}, {"timestamp": 15000, "buyer": "", "seller": "", "symbol": "TOMATOES", "currency": "SEASHELLS", "price": 2024, "quantity": 2}, {"timestamp": 15200, "buyer": "", "seller": "", "symbol": "TOMATOES", "currency": "SEASHELLS", "price": 2022, "quantity": 1}, {"timestamp": 15300, "buyer": "", "seller": "", "symbol": "EMERALDS", "currency": "SEASHELLS", "price": 10002, "quantity": 1}, {"timestamp": 15400, "buyer": "", "seller": "", "symbol": "EMERALDS", "currency": "SEASHELLS", "price": 9998, "quantity": 1}, {"timestamp": 15600, "buyer": "", "seller": "", "symbol": "TOMATOES", "currency": "SEASHELLS", "price": 2025, "quantity": 2}, {"timestamp": 15600, "buyer": "", "seller": "", "symbol": "EMERALDS", "currency": "SEASHELLS", "price": 10004, "quantity": 2}, {"timestamp": 15700, "buyer": "", "seller": "", "symbol": "EMERALDS", "currency": "SEASHELLS", "price": 10002, "quantity": 1}, {"timestamp": 15800, "buyer": "", "seller": "", "symbol": "TOMATOES", "currency": "SEASHELLS", "price": 2025, "quantity": 1}, {"timestamp": 16200, "buyer": "", "seller": "", "symbol": "TOMATOES", "currency": "SEASHELLS", "price": 2023, "quantity": 1}, {"timestamp": 16200, "buyer": "", "seller": "", "symbol": "TOMATOES", "currency": "SEASHELLS", "price": 2023, "quantity": 1}, {"timestamp": 16200, "buyer": "", "seller": "", "symbol": "EMERALDS", "currency": "SEASHELLS", "price": 9998, "quantity": 1}, {"timestamp": 16300, "buyer": "", "seller": "", "symbol": "EMERALDS", "currency": "SEASHELLS", "price": 10004, "quantity": 1}, {"timestamp": 16400, "buyer": "", "seller": "", "symbol": "EMERALDS", "currency": "SEASHELLS", "price": 10002, "quantity": 1}, {"timestamp": 16600, "buyer": "", "seller": "", "symbol": "TOMATOES", "currency": "SEASHELLS", "price": 2023, "quantity": 1}, {"timestamp": 16700, "buyer": "", "seller": "", "symbol": "TOMATOES", "currency": "SEASHELLS", "price": 2025, "quantity": 1}, {"timestamp": 16700, "buyer": "", "seller": "", "symbol": "EMERALDS", "currency": "SEASHELLS", "price": 10002, "quantity": 1}, {"timestamp": 16800, "buyer": "", "seller": "", "symbol": "EMERALDS", "currency": "SEASHELLS", "price": 9995, "quantity": 5}, {"timestamp": 18200, "buyer": "", "seller": "", "symbol": "TOMATOES", "currency": "SEASHELLS", "price": 2024, "quantity": 4}, {"timestamp": 18200, "buyer": "", "seller": "", "symbol": "TOMATOES", "currency": "SEASHELLS", "price": 2024, "quantity": 1}, {"timestamp": 18500, "buyer": "", "seller": "", "symbol": "TOMATOES", "currency": "SEASHELLS", "price": 2026, "quantity": 1}, {"timestamp": 19000, "buyer": "", "seller": "", "symbol": "TOMATOES", "currency": "SEASHELLS", "price": 2024, "quantity": 10}, {"timestamp": 19300, "buyer": "", "seller": "", "symbol": "TOMATOES", "currency": "SEASHELLS", "price": 2024, "quantity": 1}, {"timestamp": 19300, "buyer": "", "seller": "", "symbol": "EMERALDS", "currency": "SEASHELLS", "price": 9996, "quantity": 1}, {"timestamp": 19700, "buyer": "", "seller": "", "symbol": "TOMATOES", "currency": "SEASHELLS", "price": 2024, "quantity": 1}, {"timestamp": 19700, "buyer": "", "seller": "", "symbol": "EMERALDS", "currency": "SEASHELLS", "price": 10002, "quantity": 1}, {"timestamp": 20100, "buyer": "", "seller": "", "symbol": "EMERALDS", "currency": "SEASHELLS", "price": 10002, "quantity": 4}, {"timestamp": 20100, "buyer": "", "seller": "", "symbol": "EMERALDS", "currency": "SEASHELLS", "price": 10002, "quantity": 1}, {"timestamp": 20200, "buyer": "", "seller": "", "symbol": "EMERALDS", "currency": "SEASHELLS", "price": 9998, "quantity": 1}, {"timestamp": 20300, "buyer": "", "seller": "", "symbol": "TOMATOES", "currency": "SEASHELLS", "price": 2024, "quantity": 1}, {"timestamp": 20400, "buyer": "", "seller": "", "symbol": "TOMATOES", "currency": "SEASHELLS", "price": 2025, "quantity": 4}, {"timestamp": 20500, "buyer": "", "seller": "", "symbol": "EMERALDS", "currency": "SEASHELLS", "price": 9998, "quantity": 1}, {"timestamp": 20700, "buyer": "", "seller": "", "symbol": "EMERALDS", "currency": "SEASHELLS", "price": 10002, "quantity": 1}, {"timestamp": 21200, "buyer": "", "seller": "", "symbol": "EMERALDS", "currency": "SEASHELLS", "price": 9998, "quantity": 1}, {"timestamp": 21300, "buyer": "", "seller": "", "symbol": "EMERALDS", "currency": "SEASHELLS", "price": 9996, "quantity": 1}, {"timestamp": 21300, "buyer": "", "seller": "", "symbol": "EMERALDS", "currency": "SEASHELLS", "price": 9996, "quantity": 7}, {"timestamp": 21700, "buyer": "", "seller": "", "symbol": "TOMATOES", "currency": "SEASHELLS", "price": 2027, "quantity": 8}, {"timestamp": 22100, "buyer": "", "seller": "", "symbol": "TOMATOES", "currency": "SEASHELLS", "price": 2024, "quantity": 1}, {"timestamp": 22200, "buyer": "", "seller": "", "symbol": "EMERALDS", "currency": "SEASHELLS", "price": 9998, "quantity": 6}, {"timestamp": 22400, "buyer": "", "seller": "", "symbol": "EMERALDS", "currency": "SEASHELLS", "price": 9998, "quantity": 1}, {"timestamp": 22500, "buyer": "", "seller": "", "symbol": "TOMATOES", "currency": "SEASHELLS", "price": 2026, "quantity": 11}, {"timestamp": 22700, "buyer": "", "seller": "", "symbol": "TOMATOES", "currency": "SEASHELLS", "price": 2023, "quantity": 1}, {"timestamp": 22800, "buyer": "", "seller": "", "symbol": "TOMATOES", "currency": "SEASHELLS", "price": 2023, "quantity": 1}, {"timestamp": 22800, "buyer": "", "seller": "", "symbol": "EMERALDS", "currency": "SEASHELLS", "price": 9998, "quantity": 2}, {"timestamp": 23200, "buyer": "", "seller": "", "symbol": "TOMATOES", "currency": "SEASHELLS", "price": 2023, "quantity": 2}, {"timestamp": 23200, "buyer": "", "seller": "", "symbol": "EMERALDS", "currency": "SEASHELLS", "price": 9998, "quantity": 2}, {"timestamp": 23300, "buyer": "", "seller": "", "symbol": "EMERALDS", "currency": "SEASHELLS", "price": 9998, "quantity": 1}, {"timestamp": 23500, "buyer": "", "seller": "", "symbol": "TOMATOES", "currency": "SEASHELLS", "price": 2023, "quantity": 1}, {"timestamp": 23700, "buyer": "", "seller": "", "symbol": "EMERALDS", "currency": "SEASHELLS", "price": 10002, "quantity": 1}, {"timestamp": 23900, "buyer": "", "seller": "", "symbol": "TOMATOES", "currency": "SEASHELLS", "price": 2025, "quantity": 1}, {"timestamp": 24100, "buyer": "", "seller": "", "symbol": "TOMATOES", "currency": "SEASHELLS", "price": 2025, "quantity": 1}, {"timestamp": 24100, "buyer": "", "seller": "", "symbol": "EMERALDS", "currency": "SEASHELLS", "price": 9996, "quantity": 1}, {"timestamp": 24100, "buyer": "", "seller": "", "symbol": "EMERALDS", "currency": "SEASHELLS", "price": 9996, "quantity": 7}, {"timestamp": 24500, "buyer": "", "seller": "", "symbol": "TOMATOES", "currency": "SEASHELLS", "price": 2022, "quantity": 2}, {"timestamp": 24500, "buyer": "", "seller": "", "symbol": "EMERALDS", "currency": "SEASHELLS", "price": 10002, "quantity": 1}, {"timestamp": 24600, "buyer": "", "seller": "", "symbol": "TOMATOES", "currency": "SEASHELLS", "price": 2024, "quantity": 5}, {"timestamp": 24600, "buyer": "", "seller": "", "symbol": "EMERALDS", "currency": "SEASHELLS", "price": 9998, "quantity": 2}, {"timestamp": 24900, "buyer": "", "seller": "", "symbol": "TOMATOES", "currency": "SEASHELLS", "price": 2024, "quantity": 4}, {"timestamp": 25100, "buyer": "", "seller": "", "symbol": "EMERALDS", "currency": "SEASHELLS", "price": 10002, "quantity": 1}, {"timestamp": 25200, "buyer": "", "seller": "", "symbol": "TOMATOES", "currency": "SEASHELLS", "price": 2025, "quantity": 1}, {"timestamp": 25200, "buyer": "", "seller": "", "symbol": "EMERALDS", "currency": "SEASHELLS", "price": 10002, "quantity": 1}, {"timestamp": 25200, "buyer": "", "seller": "", "symbol": "EMERALDS", "currency": "SEASHELLS", "price": 9998, "quantity": 3}, {"timestamp": 25200, "buyer": "", "seller": "", "symbol": "EMERALDS", "currency": "SEASHELLS", "price": 9998, "quantity": 5}, {"timestamp": 25300, "buyer": "", "seller": "", "symbol": "TOMATOES", "currency": "SEASHELLS", "price": 2023, "quantity": 1}, {"timestamp": 25700, "buyer": "", "seller": "", "symbol": "EMERALDS", "currency": "SEASHELLS", "price": 10004, "quantity": 2}, {"timestamp": 25800, "buyer": "", "seller": "", "symbol": "TOMATOES", "currency": "SEASHELLS", "price": 2023, "quantity": 1}, {"timestamp": 26000, "buyer": "", "seller": "", "symbol": "TOMATOES", "currency": "SEASHELLS", "price": 2023, "quantity": 7}, {"timestamp": 26300, "buyer": "", "seller": "", "symbol": "EMERALDS", "currency": "SEASHELLS", "price": 9998, "quantity": 1}, {"timestamp": 26400, "buyer": "", "seller": "", "symbol": "TOMATOES", "currency": "SEASHELLS", "price": 2023, "quantity": 1}, {"timestamp": 26600, "buyer": "", "seller": "", "symbol": "EMERALDS", "currency": "SEASHELLS", "price": 9998, "quantity": 1}, {"timestamp": 26900, "buyer": "", "seller": "", "symbol": "TOMATOES", "currency": "SEASHELLS", "price": 2023, "quantity": 1}, {"timestamp": 27300, "buyer": "", "seller": "", "symbol": "TOMATOES", "currency": "SEASHELLS", "price": 2025, "quantity": 1}, {"timestamp": 27600, "buyer": "", "seller": "", "symbol": "TOMATOES", "currency": "SEASHELLS", "price": 2023, "quantity": 1}, {"timestamp": 27600, "buyer": "", "seller": "", "symbol": "EMERALDS", "currency": "SEASHELLS", "price": 9998, "quantity": 4}, {"timestamp": 27700, "buyer": "", "seller": "", "symbol": "TOMATOES", "currency": "SEASHELLS", "price": 2023, "quantity": 5}, {"timestamp": 27800, "buyer": "", "seller": "", "symbol": "TOMATOES", "currency": "SEASHELLS", "price": 2025, "quantity": 1}, {"timestamp": 27900, "buyer": "", "seller": "", "symbol": "TOMATOES", "currency": "SEASHELLS", "price": 2025, "quantity": 1}, {"timestamp": 28200, "buyer": "", "seller": "", "symbol": "TOMATOES", "currency": "SEASHELLS", "price": 2025, "quantity": 5}, {"timestamp": 28200, "buyer": "", "seller": "", "symbol": "EMERALDS", "currency": "SEASHELLS", "price": 9998, "quantity": 2}, {"timestamp": 28400, "buyer": "", "seller": "", "symbol": "TOMATOES", "currency": "SEASHELLS", "price": 2023, "quantity": 1}, {"timestamp": 29000, "buyer": "", "seller": "", "symbol": "TOMATOES", "currency": "SEASHELLS", "price": 2024, "quantity": 1}, {"timestamp": 29000, "buyer": "", "seller": "", "symbol": "EMERALDS", "currency": "SEASHELLS", "price": 10005, "quantity": 8}, {"timestamp": 29300, "buyer": "", "seller": "", "symbol": "TOMATOES", "currency": "SEASHELLS", "price": 2026, "quantity": 2}, {"timestamp": 29300, "buyer": "", "seller": "", "symbol": "TOMATOES", "currency": "SEASHELLS", "price": 2026, "quantity": 10}, {"timestamp": 29400, "buyer": "", "seller": "", "symbol": "TOMATOES", "currency": "SEASHELLS", "price": 2024, "quantity": 1}, {"timestamp": 29400, "buyer": "", "seller": "", "symbol": "EMERALDS", "currency": "SEASHELLS", "price": 10002, "quantity": 1}, {"timestamp": 29700, "buyer": "", "seller": "", "symbol": "TOMATOES", "currency": "SEASHELLS", "price": 2024, "quantity": 1}, {"timestamp": 30000, "buyer": "", "seller": "", "symbol": "EMERALDS", "currency": "SEASHELLS", "price": 9998, "quantity": 1}, {"timestamp": 30000, "buyer": "", "seller": "", "symbol": "EMERALDS", "currency": "SEASHELLS", "price": 9998, "quantity": 3}, {"timestamp": 30200, "buyer": "", "seller": "", "symbol": "TOMATOES", "currency": "SEASHELLS", "price": 2027, "quantity": 10}, {"timestamp": 30300, "buyer": "", "seller": "", "symbol": "TOMATOES", "currency": "SEASHELLS", "price": 2026, "quantity": 1}, {"timestamp": 30600, "buyer": "", "seller": "", "symbol": "TOMATOES", "currency": "SEASHELLS", "price": 2024, "quantity": 1}, {"timestamp": 30600, "buyer": "", "seller": "", "symbol": "TOMATOES", "currency": "SEASHELLS", "price": 2027, "quantity": 1}, {"timestamp": 30600, "buyer": "", "seller": "", "symbol": "EMERALDS", "currency": "SEASHELLS", "price": 10002, "quantity": 1}, {"timestamp": 31300, "buyer": "", "seller": "", "symbol": "TOMATOES", "currency": "SEASHELLS", "price": 2023, "quantity": 13}, {"timestamp": 31600, "buyer": "", "seller": "", "symbol": "TOMATOES", "currency": "SEASHELLS", "price": 2025, "quantity": 1}, {"timestamp": 31900, "buyer": "", "seller": "", "symbol": "EMERALDS", "currency": "SEASHELLS", "price": 10005, "quantity": 2}, {"timestamp": 32400, "buyer": "", "seller": "", "symbol": "TOMATOES", "currency": "SEASHELLS", "price": 2023, "quantity": 1}, {"timestamp": 32500, "buyer": "", "seller": "", "symbol": "TOMATOES", "currency": "SEASHELLS", "price": 2023, "quantity": 1}, {"timestamp": 32600, "buyer": "", "seller": "", "symbol": "TOMATOES", "currency": "SEASHELLS", "price": 2027, "quantity": 2}, {"timestamp": 32600, "buyer": "", "seller": "", "symbol": "EMERALDS", "currency": "SEASHELLS", "price": 10005, "quantity": 2}, {"timestamp": 32600, "buyer": "", "seller": "", "symbol": "EMERALDS", "currency": "SEASHELLS", "price": 10002, "quantity": 1}, {"timestamp": 32800, "buyer": "", "seller": "", "symbol": "EMERALDS", "currency": "SEASHELLS", "price": 9996, "quantity": 2}, {"timestamp": 33000, "buyer": "", "seller": "", "symbol": "EMERALDS", "currency": "SEASHELLS", "price": 10002, "quantity": 6}, {"timestamp": 33100, "buyer": "", "seller": "", "symbol": "TOMATOES", "currency": "SEASHELLS", "price": 2023, "quantity": 1}, {"timestamp": 33200, "buyer": "", "seller": "", "symbol": "TOMATOES", "currency": "SEASHELLS", "price": 2023, "quantity": 1}, {"timestamp": 33200, "buyer": "", "seller": "", "symbol": "TOMATOES", "currency": "SEASHELLS", "price": 2024, "quantity": 10}, {"timestamp": 33500, "buyer": "", "seller": "", "symbol": "TOMATOES", "currency": "SEASHELLS", "price": 2026, "quantity": 1}, {"timestamp": 33500, "buyer": "", "seller": "", "symbol": "EMERALDS", "currency": "SEASHELLS", "price": 10004, "quantity": 1}, {"timestamp": 33600, "buyer": "", "seller": "", "symbol": "EMERALDS", "currency": "SEASHELLS", "price": 10002, "quantity": 6}, {"timestamp": 34000, "buyer": "", "seller": "", "symbol": "TOMATOES", "currency": "SEASHELLS", "price": 2023, "quantity": 1}, {"timestamp": 34100, "buyer": "", "seller": "", "symbol": "EMERALDS", "currency": "SEASHELLS", "price": 9996, "quantity": 1}, {"timestamp": 34100, "buyer": "", "seller": "", "symbol": "EMERALDS", "currency": "SEASHELLS", "price": 9996, "quantity": 2}, {"timestamp": 34200, "buyer": "", "seller": "", "symbol": "TOMATOES", "currency": "SEASHELLS", "price": 2022, "quantity": 9}, {"timestamp": 34300, "buyer": "", "seller": "", "symbol": "EMERALDS", "currency": "SEASHELLS", "price": 10002, "quantity": 1}, {"timestamp": 34600, "buyer": "", "seller": "", "symbol": "TOMATOES", "currency": "SEASHELLS", "price": 2023, "quantity": 1}, {"timestamp": 35000, "buyer": "", "seller": "", "symbol": "TOMATOES", "currency": "SEASHELLS", "price": 2025, "quantity": 1}, {"timestamp": 35000, "buyer": "", "seller": "", "symbol": "EMERALDS", "currency": "SEASHELLS", "price": 10002, "quantity": 1}, {"timestamp": 35100, "buyer": "", "seller": "", "symbol": "EMERALDS", "currency": "SEASHELLS", "price": 10002, "quantity": 3}, {"timestamp": 35300, "buyer": "", "seller": "", "symbol": "TOMATOES", "currency": "SEASHELLS", "price": 2025, "quantity": 1}, {"timestamp": 35300, "buyer": "", "seller": "", "symbol": "TOMATOES", "currency": "SEASHELLS", "price": 2023, "quantity": 8}, {"timestamp": 35400, "buyer": "", "seller": "", "symbol": "TOMATOES", "currency": "SEASHELLS", "price": 2025, "quantity": 1}, {"timestamp": 35400, "buyer": "", "seller": "", "symbol": "EMERALDS", "currency": "SEASHELLS", "price": 10002, "quantity": 3}, {"timestamp": 35800, "buyer": "", "seller": "", "symbol": "TOMATOES", "currency": "SEASHELLS", "price": 2023, "quantity": 2}, {"timestamp": 36100, "buyer": "", "seller": "", "symbol": "EMERALDS", "currency": "SEASHELLS", "price": 10002, "quantity": 1}, {"timestamp": 36200, "buyer": "", "seller": "", "symbol": "EMERALDS", "currency": "SEASHELLS", "price": 9998, "quantity": 1}, {"timestamp": 36400, "buyer": "", "seller": "", "symbol": "TOMATOES", "currency": "SEASHELLS", "price": 2024, "quantity": 1}]
